<?xml version="1.0" encoding="UTF-8"?>
<!-- Generated by org.testng.reporters.JUnitXMLReporter -->
<testsuite hostname="smartsubbi-PC" name="Live Tests" tests="4" failures="4" timestamp="6 Dec 2015 15:03:40 GMT" time="155.388" errors="0">
  <testcase name="ValidAuthorisedPlayerLogin" time="37.559" classname="TestCases.TestCase1">
    <failure type="java.lang.AssertionError" message="expected [Login � How to Train Your Dragon Game � School of Dragons] but found [Login – How to Train Your Dragon Game – School of Dragons]">
      <![CDATA[java.lang.AssertionError: expected [Login � How to Train Your Dragon Game � School of Dragons] but found [Login – How to Train Your Dragon Game – School of Dragons]
	at Pages.LoginPage.verifyLoginPageTitle(LoginPage.java:33)
	at TestCases.TestCase1.ValidAuthorisedPlayerLogin(TestCase1.java:64)
... Removed 29 stack frames]]>
    </failure>
  </testcase> <!-- ValidAuthorisedPlayerLogin -->
  <testcase name="ValidAuthorisedParentLogin" time="36.083" classname="TestCases.TestCase2">
    <failure type="java.lang.AssertionError" message="expected [Login � How to Train Your Dragon Game � School of Dragons] but found [Login – How to Train Your Dragon Game – School of Dragons]">
      <![CDATA[java.lang.AssertionError: expected [Login � How to Train Your Dragon Game � School of Dragons] but found [Login – How to Train Your Dragon Game – School of Dragons]
	at Pages.LoginPage.verifyLoginPageTitle(LoginPage.java:33)
	at TestCases.TestCase2.ValidAuthorisedParentLogin(TestCase2.java:61)
... Removed 29 stack frames]]>
    </failure>
  </testcase> <!-- ValidAuthorisedParentLogin -->
  <testcase name="ValidNonAuthorisedParentLogin" time="36.559" classname="TestCases.TestCase3">
    <failure type="java.lang.AssertionError" message="expected [Login � How to Train Your Dragon Game � School of Dragons] but found [Login – How to Train Your Dragon Game – School of Dragons]">
      <![CDATA[java.lang.AssertionError: expected [Login � How to Train Your Dragon Game � School of Dragons] but found [Login – How to Train Your Dragon Game – School of Dragons]
	at Pages.LoginPage.verifyLoginPageTitle(LoginPage.java:33)
	at TestCases.TestCase3.ValidNonAuthorisedParentLogin(TestCase3.java:61)
... Removed 29 stack frames]]>
    </failure>
  </testcase> <!-- ValidNonAuthorisedParentLogin -->
  <testcase name="ValidNonAuthorisedPlayerLogin" time="37.89" classname="TestCases.TestCase4">
    <failure type="java.lang.AssertionError" message="expected [Login � How to Train Your Dragon Game � School of Dragons] but found [Login – How to Train Your Dragon Game – School of Dragons]">
      <![CDATA[java.lang.AssertionError: expected [Login � How to Train Your Dragon Game � School of Dragons] but found [Login – How to Train Your Dragon Game – School of Dragons]
	at Pages.LoginPage.verifyLoginPageTitle(LoginPage.java:33)
	at TestCases.TestCase4.ValidNonAuthorisedPlayerLogin(TestCase4.java:64)
... Removed 29 stack frames]]>
    </failure>
  </testcase> <!-- ValidNonAuthorisedPlayerLogin -->
</testsuite> <!-- Live Tests -->
